<?xml version="1.0" encoding="UTF-8"?>
<testng-results ignored="0" total="1" passed="1" failed="0" skipped="0">
  <reporter-output>
  </reporter-output>
  <suite started-at="2020-12-21T11:27:03 EST" name="Default suite" finished-at="2020-12-21T11:28:44 EST" duration-ms="101218">
    <groups>
    </groups>
    <test started-at="2020-12-21T11:27:03 EST" name="Default test" finished-at="2020-12-21T11:28:44 EST" duration-ms="101218">
      <class name="inkbox.Sales">
        <test-method is-config="true" signature="initialize()[pri:0, instance:inkbox.Sales@1fb19a0]" started-at="2020-12-21T11:27:03 EST" name="initialize" finished-at="2020-12-21T11:27:25 EST" duration-ms="21552" status="PASS">
          <reporter-output>
          </reporter-output>
        </test-method> <!-- initialize -->
        <test-method signature="validateSales()[pri:0, instance:inkbox.Sales@1fb19a0]" started-at="2020-12-21T11:27:25 EST" name="validateSales" finished-at="2020-12-21T11:28:44 EST" duration-ms="79451" status="PASS">
          <reporter-output>
          </reporter-output>
        </test-method> <!-- validateSales -->
        <test-method is-config="true" signature="teardown()[pri:0, instance:inkbox.Sales@1fb19a0]" started-at="2020-12-21T11:28:44 EST" name="teardown" finished-at="2020-12-21T11:28:44 EST" duration-ms="137" status="PASS">
          <reporter-output>
          </reporter-output>
        </test-method> <!-- teardown -->
      </class> <!-- inkbox.Sales -->
    </test> <!-- Default test -->
  </suite> <!-- Default suite -->
</testng-results>
